TN:
SF:../blockchain/smartContracts/BatchRegistry.sol
DA:7,7
FN:7,BatchRegistry.storeRoot
FNDA:7,BatchRegistry.storeRoot
DA:8,7
BRDA:8,0,0,1
BRDA:8,0,1,6
DA:10,6
DA:13,3
FN:13,BatchRegistry.verifyRoot
FNDA:3,BatchRegistry.verifyRoot
DA:14,3
DA:17,2
FN:17,BatchRegistry.verifyProof
FNDA:2,BatchRegistry.verifyProof
DA:18,2
DA:20,2
DA:21,4
DA:23,4
BRDA:23,1,0,1
BRDA:23,1,1,3
DA:24,1
DA:26,3
DA:30,2
FNF:3
FNH:3
LF:13
LH:13
BRF:4
BRH:4
end_of_record
TN:
SF:../blockchain/smartContracts/DataHashRegistry.sol
DA:17,4
FN:17,DataHashRegistry.storeHash
FNDA:4,DataHashRegistry.storeHash
DA:18,4
BRDA:18,0,0,1
BRDA:18,0,1,3
DA:20,3
DA:22,3
DA:25,2
FN:25,DataHashRegistry.verifyHash
FNDA:2,DataHashRegistry.verifyHash
DA:26,2
FNF:2
FNH:2
LF:6
LH:6
BRF:2
BRH:2
end_of_record
